<?xml version="1.0" encoding="UTF-8"?>
<robot generator="Robot 6.0.2 (Python 3.11.1 on win32)" generated="20231025 23:32:52.021" rpa="false" schemaversion="3">
<suite id="s1" name="OpenBrowser" source="e:\Testing\AmazonTest\Tests\OpenBrowser.robot">
<test id="s1-t1" name="Open Amazon Login Page" line="10">
<kw name="Open Default Browser" library="LoginKeyword">
<kw name="Open Browser" library="SeleniumLibrary">
<arg>${URL}</arg>
<arg>${BROWSER}</arg>
<doc>Opens a new browser instance to the optional ``url``.</doc>
<msg timestamp="20231025 23:32:52.271" level="INFO">Opening browser 'chrome' to base url 'https://www.amazon.com/'.</msg>
<status status="PASS" starttime="20231025 23:32:52.270" endtime="20231025 23:32:55.841"/>
</kw>
<kw name="Maximize Browser Window" library="SeleniumLibrary">
<doc>Maximizes current browser window.</doc>
<status status="PASS" starttime="20231025 23:32:55.841" endtime="20231025 23:32:56.023"/>
</kw>
<kw name="Sleep" library="BuiltIn">
<arg>2</arg>
<doc>Pauses the test executed for the given time.</doc>
<msg timestamp="20231025 23:32:58.028" level="INFO">Slept 2 seconds</msg>
<status status="PASS" starttime="20231025 23:32:56.025" endtime="20231025 23:32:58.028"/>
</kw>
<status status="PASS" starttime="20231025 23:32:52.270" endtime="20231025 23:32:58.029"/>
</kw>
<kw name="Open Login Page" library="LoginKeyword">
<kw name="Click Link" library="SeleniumLibrary">
<arg>xpath://*[@id="nav-link-accountList"]</arg>
<doc>Clicks a link identified by ``locator``.</doc>
<msg timestamp="20231025 23:32:58.032" level="INFO">Clicking link 'xpath://*[@id="nav-link-accountList"]'.</msg>
<status status="PASS" starttime="20231025 23:32:58.031" endtime="20231025 23:32:59.088"/>
</kw>
<status status="PASS" starttime="20231025 23:32:58.030" endtime="20231025 23:32:59.089"/>
</kw>
<kw name="Input Unsername" library="LoginKeyword">
<arg>${username}</arg>
<kw name="Wait Until Element Is Visible" library="SeleniumLibrary">
<arg>xpath://*[@id="ap_email"]</arg>
<doc>Waits until the element ``locator`` is visible.</doc>
<status status="PASS" starttime="20231025 23:32:59.091" endtime="20231025 23:32:59.141"/>
</kw>
<kw name="Input Text" library="SeleniumLibrary">
<arg>xpath://*[@id="ap_email"]</arg>
<arg>${username}</arg>
<doc>Types the given ``text`` into the text field identified by ``locator``.</doc>
<msg timestamp="20231025 23:32:59.142" level="INFO">Typing text 'test@gmail.com' into text field 'xpath://*[@id="ap_email"]'.</msg>
<status status="PASS" starttime="20231025 23:32:59.141" endtime="20231025 23:32:59.301"/>
</kw>
<status status="PASS" starttime="20231025 23:32:59.090" endtime="20231025 23:32:59.301"/>
</kw>
<kw name="Click Continue Button" library="LoginKeyword">
<kw name="Click Element" library="SeleniumLibrary">
<arg>xpath://*[@id="continue"]</arg>
<doc>Click the element identified by ``locator``.</doc>
<msg timestamp="20231025 23:32:59.306" level="INFO">Clicking element 'xpath://*[@id="continue"]'.</msg>
<status status="PASS" starttime="20231025 23:32:59.304" endtime="20231025 23:33:01.014"/>
</kw>
<status status="PASS" starttime="20231025 23:32:59.302" endtime="20231025 23:33:01.015"/>
</kw>
<kw name="Input Pwd" library="LoginKeyword">
<arg>${password}</arg>
<kw name="Wait Until Element Is Visible" library="SeleniumLibrary">
<arg>xpath://*[@id="ap_password"]</arg>
<doc>Waits until the element ``locator`` is visible.</doc>
<status status="PASS" starttime="20231025 23:33:01.016" endtime="20231025 23:33:01.064"/>
</kw>
<kw name="Input Text" library="SeleniumLibrary">
<arg>//*[@id="ap_password"]</arg>
<arg>${password}</arg>
<doc>Types the given ``text`` into the text field identified by ``locator``.</doc>
<msg timestamp="20231025 23:33:01.065" level="INFO">Typing text '12345' into text field '//*[@id="ap_password"]'.</msg>
<status status="PASS" starttime="20231025 23:33:01.064" endtime="20231025 23:33:01.146"/>
</kw>
<kw name="Click Element" library="SeleniumLibrary">
<arg>xpath://*[@id="signInSubmit"]</arg>
<doc>Click the element identified by ``locator``.</doc>
<msg timestamp="20231025 23:33:01.148" level="INFO">Clicking element 'xpath://*[@id="signInSubmit"]'.</msg>
<status status="PASS" starttime="20231025 23:33:01.147" endtime="20231025 23:33:04.030"/>
</kw>
<status status="PASS" starttime="20231025 23:33:01.016" endtime="20231025 23:33:04.030"/>
</kw>
<kw name="Close Browsers" library="LoginKeyword">
<kw name="Close All Browsers" library="SeleniumLibrary">
<doc>Closes all open browsers and resets the browser cache.</doc>
<status status="PASS" starttime="20231025 23:33:04.033" endtime="20231025 23:33:10.480"/>
</kw>
<status status="PASS" starttime="20231025 23:33:04.031" endtime="20231025 23:33:10.480"/>
</kw>
<status status="PASS" starttime="20231025 23:32:52.267" endtime="20231025 23:33:10.481"/>
</test>
<status status="PASS" starttime="20231025 23:32:52.027" endtime="20231025 23:33:10.485"/>
</suite>
<statistics>
<total>
<stat pass="1" fail="0" skip="0">All Tests</stat>
</total>
<tag>
</tag>
<suite>
<stat pass="1" fail="0" skip="0" id="s1" name="OpenBrowser">OpenBrowser</stat>
</suite>
</statistics>
<errors>
</errors>
</robot>
