<?xml version="1.0" encoding="UTF-8"?>
<robot generator="Robot 6.0.2 (Python 3.11.1 on win32)" generated="20231026 23:30:42.233" rpa="false" schemaversion="3">
<suite id="s1" name="TechnicalKeyword" source="e:\Testing\AmazonTest\Resources\TechnicalKeyword.robot">
<test id="s1-t1" name="Amazon Order" line="13">
<kw name="Add items to cart">
<arg>${item}</arg>
<msg timestamp="20231026 23:30:42.539" level="FAIL">Variable '${item}' not found.</msg>
<status status="FAIL" starttime="20231026 23:30:42.538" endtime="20231026 23:30:42.542"/>
</kw>
<status status="FAIL" starttime="20231026 23:30:42.537" endtime="20231026 23:30:42.543">Variable '${item}' not found.</status>
</test>
<test id="s1-t2" name="Amazon Order" line="13">
<kw name="Add items to cart">
<arg>${item}</arg>
<msg timestamp="20231026 23:30:42.551" level="FAIL">Variable '${item}' not found.</msg>
<status status="FAIL" starttime="20231026 23:30:42.549" endtime="20231026 23:30:42.552"/>
</kw>
<status status="FAIL" starttime="20231026 23:30:42.546" endtime="20231026 23:30:42.553">Variable '${item}' not found.</status>
</test>
<test id="s1-t3" name="Amazon Order" line="13">
<kw name="Add items to cart">
<arg>${item}</arg>
<msg timestamp="20231026 23:30:42.559" level="FAIL">Variable '${item}' not found.</msg>
<status status="FAIL" starttime="20231026 23:30:42.558" endtime="20231026 23:30:42.560"/>
</kw>
<status status="FAIL" starttime="20231026 23:30:42.556" endtime="20231026 23:30:42.561">Variable '${item}' not found.</status>
</test>
<test id="s1-t4" name="Amazon Order" line="13">
<kw name="Add items to cart">
<arg>${item}</arg>
<msg timestamp="20231026 23:30:42.568" level="FAIL">Variable '${item}' not found.</msg>
<status status="FAIL" starttime="20231026 23:30:42.566" endtime="20231026 23:30:42.568"/>
</kw>
<status status="FAIL" starttime="20231026 23:30:42.564" endtime="20231026 23:30:42.569">Variable '${item}' not found.</status>
</test>
<status status="FAIL" starttime="20231026 23:30:42.241" endtime="20231026 23:30:42.572"/>
</suite>
<statistics>
<total>
<stat pass="0" fail="4" skip="0">All Tests</stat>
</total>
<tag>
</tag>
<suite>
<stat pass="0" fail="4" skip="0" id="s1" name="TechnicalKeyword">TechnicalKeyword</stat>
</suite>
</statistics>
<errors>
<msg timestamp="20231026 23:30:42.545" level="WARN">Multiple tests with name 'Amazon Order' executed in suite 'TechnicalKeyword'.</msg>
<msg timestamp="20231026 23:30:42.555" level="WARN">Multiple tests with name 'Amazon Order' executed in suite 'TechnicalKeyword'.</msg>
<msg timestamp="20231026 23:30:42.563" level="WARN">Multiple tests with name 'Amazon Order' executed in suite 'TechnicalKeyword'.</msg>
</errors>
</robot>
