<?xml version="1.0" encoding="UTF-8"?>
<robot generator="Robot 6.1.1 (Python 3.11.1 on win32)" generated="20231028 01:01:36.194" rpa="false" schemaversion="4">
<suite id="s1" name="Amazon Order" source="E:\Testing\AmazonTest\Tests\amazon_order.robot">
<kw name="Open Amazon" library="LoginKeyword" type="SETUP">
<kw name="Open Browser" library="SeleniumLibrary">
<arg>${URL}</arg>
<arg>${BROWSER}</arg>
<doc>Opens a new browser instance to the optional ``url``.</doc>
<msg timestamp="20231028 01:01:37.411" level="INFO">Opening browser 'chrome' to base url 'https://www.amazon.com/'.</msg>
<status status="PASS" starttime="20231028 01:01:37.411" endtime="20231028 01:01:41.446"/>
</kw>
<kw name="Maximize Browser Window" library="SeleniumLibrary">
<doc>Maximizes current browser window.</doc>
<status status="PASS" starttime="20231028 01:01:41.447" endtime="20231028 01:01:41.643"/>
</kw>
<kw name="Sleep" library="BuiltIn">
<arg>2</arg>
<doc>Pauses the test executed for the given time.</doc>
<msg timestamp="20231028 01:01:43.644" level="INFO">Slept 2 seconds</msg>
<status status="PASS" starttime="20231028 01:01:41.643" endtime="20231028 01:01:43.644"/>
</kw>
<status status="PASS" starttime="20231028 01:01:37.410" endtime="20231028 01:01:43.644"/>
</kw>
<test id="s1-t1" name="Amazon Order" line="16">
<kw name="Add items to cart">
<arg>iPhone 14</arg>
<kw name="Wait Until Element Is Visible" library="SeleniumLibrary">
<arg>${search_input}</arg>
<doc>Waits until the element ``locator`` is visible.</doc>
<status status="PASS" starttime="20231028 01:01:43.646" endtime="20231028 01:01:43.686"/>
</kw>
<kw name="Input Text" library="SeleniumLibrary">
<arg>${search_input}</arg>
<arg>${Item}</arg>
<doc>Types the given ``text`` into the text field identified by ``locator``.</doc>
<msg timestamp="20231028 01:01:43.687" level="INFO">Typing text 'iPhone 14' into text field 'xpath://*[@id="twotabsearchtextbox"]'.</msg>
<status status="PASS" starttime="20231028 01:01:43.687" endtime="20231028 01:01:43.852"/>
</kw>
<kw name="Click Button" library="SeleniumLibrary">
<arg>${submit_search}</arg>
<doc>Clicks the button identified by ``locator``.</doc>
<msg timestamp="20231028 01:01:43.853" level="INFO">Clicking button 'xpath://*[@id="nav-search-submit-button"]'.</msg>
<status status="PASS" starttime="20231028 01:01:43.852" endtime="20231028 01:01:45.635"/>
</kw>
<kw name="Wait Until Element Is Visible" library="SeleniumLibrary">
<arg>${first_product}</arg>
<doc>Waits until the element ``locator`` is visible.</doc>
<status status="PASS" starttime="20231028 01:01:45.635" endtime="20231028 01:01:45.683"/>
</kw>
<kw name="Click Element" library="SeleniumLibrary">
<arg>${first_product}</arg>
<doc>Click the element identified by ``locator``.</doc>
<msg timestamp="20231028 01:01:45.684" level="INFO">Clicking element 'xpath:(//*[@class="s-image"])[2]'.</msg>
<status status="PASS" starttime="20231028 01:01:45.683" endtime="20231028 01:01:49.452"/>
</kw>
<kw name="Wait Until Element Is Visible" library="SeleniumLibrary">
<arg>${add_to_cart}</arg>
<doc>Waits until the element ``locator`` is visible.</doc>
<status status="PASS" starttime="20231028 01:01:49.453" endtime="20231028 01:01:49.565"/>
</kw>
<kw name="Take Screenshot" library="Screenshot">
<doc>Takes a screenshot in JPEG format and embeds it into the log file.</doc>
<msg timestamp="20231028 01:01:49.567" level="WARN">Taking screenshot failed: Taking screenshots is not supported on this platform by default. See library documentation for details.
Make sure tests are run with a physical or virtual display.</msg>
<msg timestamp="20231028 01:01:49.572" level="INFO" html="true">&lt;a href="screenshot_1.jpg"&gt;&lt;img src="screenshot_1.jpg" width="800px"&gt;&lt;/a&gt;</msg>
<status status="PASS" starttime="20231028 01:01:49.566" endtime="20231028 01:01:49.572"/>
</kw>
<kw name="Click Element" library="SeleniumLibrary">
<arg>${add_to_cart}</arg>
<doc>Click the element identified by ``locator``.</doc>
<msg timestamp="20231028 01:01:49.573" level="INFO">Clicking element 'xpath://*[@id="add-to-cart-button"]'.</msg>
<status status="PASS" starttime="20231028 01:01:49.572" endtime="20231028 01:01:50.847"/>
</kw>
<status status="PASS" starttime="20231028 01:01:43.646" endtime="20231028 01:01:50.847"/>
</kw>
<status status="PASS" starttime="20231028 01:01:43.644" endtime="20231028 01:01:50.848"/>
</test>
<test id="s1-t2" name="Amazon Order" line="16">
<kw name="Add items to cart">
<arg>Portable 2TB External Hard Drive</arg>
<kw name="Wait Until Element Is Visible" library="SeleniumLibrary">
<arg>${search_input}</arg>
<doc>Waits until the element ``locator`` is visible.</doc>
<status status="PASS" starttime="20231028 01:01:50.853" endtime="20231028 01:01:50.946"/>
</kw>
<kw name="Input Text" library="SeleniumLibrary">
<arg>${search_input}</arg>
<arg>${Item}</arg>
<doc>Types the given ``text`` into the text field identified by ``locator``.</doc>
<msg timestamp="20231028 01:01:50.947" level="INFO">Typing text 'Portable 2TB External Hard Drive' into text field 'xpath://*[@id="twotabsearchtextbox"]'.</msg>
<status status="PASS" starttime="20231028 01:01:50.947" endtime="20231028 01:01:51.436"/>
</kw>
<kw name="Click Button" library="SeleniumLibrary">
<arg>${submit_search}</arg>
<doc>Clicks the button identified by ``locator``.</doc>
<msg timestamp="20231028 01:01:51.438" level="INFO">Clicking button 'xpath://*[@id="nav-search-submit-button"]'.</msg>
<status status="PASS" starttime="20231028 01:01:51.437" endtime="20231028 01:01:53.336"/>
</kw>
<kw name="Wait Until Element Is Visible" library="SeleniumLibrary">
<arg>${first_product}</arg>
<doc>Waits until the element ``locator`` is visible.</doc>
<status status="PASS" starttime="20231028 01:01:53.336" endtime="20231028 01:01:53.386"/>
</kw>
<kw name="Click Element" library="SeleniumLibrary">
<arg>${first_product}</arg>
<doc>Click the element identified by ``locator``.</doc>
<msg timestamp="20231028 01:01:53.388" level="INFO">Clicking element 'xpath:(//*[@class="s-image"])[2]'.</msg>
<status status="PASS" starttime="20231028 01:01:53.386" endtime="20231028 01:01:56.891"/>
</kw>
<kw name="Wait Until Element Is Visible" library="SeleniumLibrary">
<arg>${add_to_cart}</arg>
<doc>Waits until the element ``locator`` is visible.</doc>
<status status="PASS" starttime="20231028 01:01:56.891" endtime="20231028 01:01:56.982"/>
</kw>
<kw name="Take Screenshot" library="Screenshot">
<doc>Takes a screenshot in JPEG format and embeds it into the log file.</doc>
<msg timestamp="20231028 01:01:56.983" level="WARN">Taking screenshot failed: Taking screenshots is not supported on this platform by default. See library documentation for details.
Make sure tests are run with a physical or virtual display.</msg>
<msg timestamp="20231028 01:01:56.984" level="INFO" html="true">&lt;a href="screenshot_1.jpg"&gt;&lt;img src="screenshot_1.jpg" width="800px"&gt;&lt;/a&gt;</msg>
<status status="PASS" starttime="20231028 01:01:56.982" endtime="20231028 01:01:56.984"/>
</kw>
<kw name="Click Element" library="SeleniumLibrary">
<arg>${add_to_cart}</arg>
<doc>Click the element identified by ``locator``.</doc>
<msg timestamp="20231028 01:01:56.986" level="INFO">Clicking element 'xpath://*[@id="add-to-cart-button"]'.</msg>
<status status="PASS" starttime="20231028 01:01:56.985" endtime="20231028 01:01:58.651"/>
</kw>
<status status="PASS" starttime="20231028 01:01:50.852" endtime="20231028 01:01:58.651"/>
</kw>
<status status="PASS" starttime="20231028 01:01:50.850" endtime="20231028 01:01:58.651"/>
</test>
<test id="s1-t3" name="Amazon Order" line="16">
<kw name="Add items to cart">
<arg>Google Pixel 8</arg>
<kw name="Wait Until Element Is Visible" library="SeleniumLibrary">
<arg>${search_input}</arg>
<doc>Waits until the element ``locator`` is visible.</doc>
<status status="PASS" starttime="20231028 01:01:58.657" endtime="20231028 01:01:58.766"/>
</kw>
<kw name="Input Text" library="SeleniumLibrary">
<arg>${search_input}</arg>
<arg>${Item}</arg>
<doc>Types the given ``text`` into the text field identified by ``locator``.</doc>
<msg timestamp="20231028 01:01:58.767" level="INFO">Typing text 'Google Pixel 8' into text field 'xpath://*[@id="twotabsearchtextbox"]'.</msg>
<status status="PASS" starttime="20231028 01:01:58.766" endtime="20231028 01:01:59.413"/>
</kw>
<kw name="Click Button" library="SeleniumLibrary">
<arg>${submit_search}</arg>
<doc>Clicks the button identified by ``locator``.</doc>
<msg timestamp="20231028 01:01:59.414" level="INFO">Clicking button 'xpath://*[@id="nav-search-submit-button"]'.</msg>
<status status="PASS" starttime="20231028 01:01:59.414" endtime="20231028 01:02:01.137"/>
</kw>
<kw name="Wait Until Element Is Visible" library="SeleniumLibrary">
<arg>${first_product}</arg>
<doc>Waits until the element ``locator`` is visible.</doc>
<status status="PASS" starttime="20231028 01:02:01.137" endtime="20231028 01:02:01.176"/>
</kw>
<kw name="Click Element" library="SeleniumLibrary">
<arg>${first_product}</arg>
<doc>Click the element identified by ``locator``.</doc>
<msg timestamp="20231028 01:02:01.177" level="INFO">Clicking element 'xpath:(//*[@class="s-image"])[2]'.</msg>
<status status="PASS" starttime="20231028 01:02:01.177" endtime="20231028 01:02:05.234"/>
</kw>
<kw name="Wait Until Element Is Visible" library="SeleniumLibrary">
<arg>${add_to_cart}</arg>
<doc>Waits until the element ``locator`` is visible.</doc>
<status status="PASS" starttime="20231028 01:02:05.234" endtime="20231028 01:02:05.280"/>
</kw>
<kw name="Take Screenshot" library="Screenshot">
<doc>Takes a screenshot in JPEG format and embeds it into the log file.</doc>
<msg timestamp="20231028 01:02:05.281" level="WARN">Taking screenshot failed: Taking screenshots is not supported on this platform by default. See library documentation for details.
Make sure tests are run with a physical or virtual display.</msg>
<msg timestamp="20231028 01:02:05.282" level="INFO" html="true">&lt;a href="screenshot_1.jpg"&gt;&lt;img src="screenshot_1.jpg" width="800px"&gt;&lt;/a&gt;</msg>
<status status="PASS" starttime="20231028 01:02:05.280" endtime="20231028 01:02:05.282"/>
</kw>
<kw name="Click Element" library="SeleniumLibrary">
<arg>${add_to_cart}</arg>
<doc>Click the element identified by ``locator``.</doc>
<msg timestamp="20231028 01:02:05.283" level="INFO">Clicking element 'xpath://*[@id="add-to-cart-button"]'.</msg>
<status status="PASS" starttime="20231028 01:02:05.282" endtime="20231028 01:02:06.798"/>
</kw>
<status status="PASS" starttime="20231028 01:01:58.656" endtime="20231028 01:02:06.798"/>
</kw>
<status status="PASS" starttime="20231028 01:01:58.654" endtime="20231028 01:02:06.800"/>
</test>
<test id="s1-t4" name="Amazon Order" line="16">
<kw name="Add items to cart">
<arg>SAMSUNG Galaxy S23 Cell Phone</arg>
<kw name="Wait Until Element Is Visible" library="SeleniumLibrary">
<arg>${search_input}</arg>
<doc>Waits until the element ``locator`` is visible.</doc>
<status status="PASS" starttime="20231028 01:02:06.806" endtime="20231028 01:02:06.881"/>
</kw>
<kw name="Input Text" library="SeleniumLibrary">
<arg>${search_input}</arg>
<arg>${Item}</arg>
<doc>Types the given ``text`` into the text field identified by ``locator``.</doc>
<msg timestamp="20231028 01:02:06.882" level="INFO">Typing text 'SAMSUNG Galaxy S23 Cell Phone' into text field 'xpath://*[@id="twotabsearchtextbox"]'.</msg>
<status status="PASS" starttime="20231028 01:02:06.881" endtime="20231028 01:02:07.186"/>
</kw>
<kw name="Click Button" library="SeleniumLibrary">
<arg>${submit_search}</arg>
<doc>Clicks the button identified by ``locator``.</doc>
<msg timestamp="20231028 01:02:07.187" level="INFO">Clicking button 'xpath://*[@id="nav-search-submit-button"]'.</msg>
<status status="PASS" starttime="20231028 01:02:07.186" endtime="20231028 01:02:09.135"/>
</kw>
<kw name="Wait Until Element Is Visible" library="SeleniumLibrary">
<arg>${first_product}</arg>
<doc>Waits until the element ``locator`` is visible.</doc>
<status status="PASS" starttime="20231028 01:02:09.135" endtime="20231028 01:02:09.202"/>
</kw>
<kw name="Click Element" library="SeleniumLibrary">
<arg>${first_product}</arg>
<doc>Click the element identified by ``locator``.</doc>
<msg timestamp="20231028 01:02:09.203" level="INFO">Clicking element 'xpath:(//*[@class="s-image"])[2]'.</msg>
<status status="PASS" starttime="20231028 01:02:09.202" endtime="20231028 01:02:13.615"/>
</kw>
<kw name="Wait Until Element Is Visible" library="SeleniumLibrary">
<arg>${add_to_cart}</arg>
<doc>Waits until the element ``locator`` is visible.</doc>
<status status="PASS" starttime="20231028 01:02:13.615" endtime="20231028 01:02:13.669"/>
</kw>
<kw name="Take Screenshot" library="Screenshot">
<doc>Takes a screenshot in JPEG format and embeds it into the log file.</doc>
<msg timestamp="20231028 01:02:13.670" level="WARN">Taking screenshot failed: Taking screenshots is not supported on this platform by default. See library documentation for details.
Make sure tests are run with a physical or virtual display.</msg>
<msg timestamp="20231028 01:02:13.672" level="INFO" html="true">&lt;a href="screenshot_1.jpg"&gt;&lt;img src="screenshot_1.jpg" width="800px"&gt;&lt;/a&gt;</msg>
<status status="PASS" starttime="20231028 01:02:13.669" endtime="20231028 01:02:13.672"/>
</kw>
<kw name="Click Element" library="SeleniumLibrary">
<arg>${add_to_cart}</arg>
<doc>Click the element identified by ``locator``.</doc>
<msg timestamp="20231028 01:02:13.673" level="INFO">Clicking element 'xpath://*[@id="add-to-cart-button"]'.</msg>
<status status="PASS" starttime="20231028 01:02:13.672" endtime="20231028 01:02:15.132"/>
</kw>
<status status="PASS" starttime="20231028 01:02:06.806" endtime="20231028 01:02:15.132"/>
</kw>
<status status="PASS" starttime="20231028 01:02:06.802" endtime="20231028 01:02:15.132"/>
</test>
<kw name="Close Browsers" library="LoginKeyword" type="TEARDOWN">
<kw name="Close All Browsers" library="SeleniumLibrary">
<doc>Closes all open browsers and resets the browser cache.</doc>
<status status="PASS" starttime="20231028 01:02:15.134" endtime="20231028 01:02:21.646"/>
</kw>
<status status="PASS" starttime="20231028 01:02:15.134" endtime="20231028 01:02:21.646"/>
</kw>
<status status="PASS" starttime="20231028 01:01:36.196" endtime="20231028 01:02:21.646"/>
</suite>
<statistics>
<total>
<stat pass="4" fail="0" skip="0">All Tests</stat>
</total>
<tag>
</tag>
<suite>
<stat pass="4" fail="0" skip="0" id="s1" name="Amazon Order">Amazon Order</stat>
</suite>
</statistics>
<errors>
<msg timestamp="20231028 01:01:49.567" level="WARN">Taking screenshot failed: Taking screenshots is not supported on this platform by default. See library documentation for details.
Make sure tests are run with a physical or virtual display.</msg>
<msg timestamp="20231028 01:01:50.849" level="WARN">Multiple tests with name 'Amazon Order' executed in suite 'Amazon Order'.</msg>
<msg timestamp="20231028 01:01:56.983" level="WARN">Taking screenshot failed: Taking screenshots is not supported on this platform by default. See library documentation for details.
Make sure tests are run with a physical or virtual display.</msg>
<msg timestamp="20231028 01:01:58.653" level="WARN">Multiple tests with name 'Amazon Order' executed in suite 'Amazon Order'.</msg>
<msg timestamp="20231028 01:02:05.281" level="WARN">Taking screenshot failed: Taking screenshots is not supported on this platform by default. See library documentation for details.
Make sure tests are run with a physical or virtual display.</msg>
<msg timestamp="20231028 01:02:06.801" level="WARN">Multiple tests with name 'Amazon Order' executed in suite 'Amazon Order'.</msg>
<msg timestamp="20231028 01:02:13.670" level="WARN">Taking screenshot failed: Taking screenshots is not supported on this platform by default. See library documentation for details.
Make sure tests are run with a physical or virtual display.</msg>
</errors>
</robot>
